<?xml version="1.0" encoding="UTF-8"?>
<!-- Generated by org.testng.reporters.JUnitXMLReporter -->
<testsuite ignored="0" hostname="DeepakComputer" failures="1" tests="2" name="Test" time="16.466" errors="0" timestamp="2024-08-08T17:57:40 IST">
  <testcase classname="qa.tests.Testcase1" name="sampleMethodForEnteringCredentials" time="3.367">
    <skipped/>
  </testcase> <!-- sampleMethodForEnteringCredentials -->
  <testcase classname="qa.tests.Testcase1" name="sampleMethodForEnteringCredentials" time="3.362">
    <failure type="java.lang.AssertionError" message="Element not found expected [true] but found [false]">
      <![CDATA[java.lang.AssertionError: Element not found expected [true] but found [false]
at pageEvents.LoginPageEvents.verifyIfLoginPageIsLoaded(LoginPageEvents.java:14)
at qa.tests.Testcase1.sampleMethodForEnteringCredentials(Testcase1.java:20)
at java.base/java.util.ArrayList.forEach(ArrayList.java:1596)
... Removed 28 stack frames]]>
    </failure>
  </testcase> <!-- sampleMethodForEnteringCredentials -->
</testsuite> <!-- Test -->
